

Microchip Technology PIC18 LITE Macro Assembler V1.21 build 54009 
                                                                                               Thu May 28 07:02:12 2015

Microchip Technology Omniscient Code Generator (Lite mode) build 54009
     1                           	processor	18F2550
     2                           	fnconf	rparam,??,?,0
     3                           	opt	pw 120
     4                           	opt	lm
     5                           	psect	text0,global,reloc=2,class=CODE,delta=1
     6                           	psect	cinit,global,reloc=2,class=CODE,delta=1
     7                           	psect	bssCOMRAM,global,class=COMRAM,space=1,delta=1
     8                           	psect	cstackCOMRAM,global,class=COMRAM,space=1,delta=1
     9                           	psect	text1,global,reloc=2,class=CODE,delta=1
    10                           	psect	intsave_regs,global,class=BIGRAM,space=1,delta=1
    11                           	psect	rparam,global,class=COMRAM,space=1,delta=1
    12  0000                     _PORTBbits	set	3969
    13  0000                     _TRISBbits	set	3987
    14                           
    15                           ; 0 bytes @ 0x6
    16 ;;
    17 ;;Main: autosize = 0, tempsize = 0, incstack = 0, save=0
    18 ;;
    19 ;; *************** function _main *****************
    20 ;; Defined at:
    21 ;;		line 70 in file "main.c"
    22 ;; Parameters:    Size  Location     Type
    23 ;;  argc            2    1[COMRAM] int 
    24 ;;  argv            3    3[COMRAM] PTR PTR unsigned char 
    25 ;; Auto vars:     Size  Location     Type
    26 ;;		None
    27 ;; Return value:  Size  Location     Type
    28 ;;		None               void
    29 ;; Registers used:
    30 ;;		wreg, status,2, status,0, cstack
    31 ;; Tracked objects:
    32 ;;		On entry : 0/0
    33 ;;		On exit  : 0/0
    34 ;;		Unchanged: 0/0
    35 ;; Data sizes:     COMRAM   BANK0   BANK1   BANK2   BANK3   BANK4   BANK5   BANK6   BANK7
    36 ;;      Params:         5       0       0       0       0       0       0       0       0
    37 ;;      Locals:         0       0       0       0       0       0       0       0       0
    38 ;;      Temps:          0       0       0       0       0       0       0       0       0
    39 ;;      Totals:         5       0       0       0       0       0       0       0       0
    40 ;;Total ram usage:        5 bytes
    41 ;; Hardware stack levels required when called:    1
    42 ;; This function calls:
    43 ;;		_Delay1Second
    44 ;; This function is called by:
    45 ;;		Startup code after reset
    46 ;; This function uses a non-reentrant model
    47 ;;
    48                           
    49                           	psect	text0
    50  007FC2                     __ptext0:
    51                           	opt stack 0
    52                           
    53                           ; #config settings
    54  007FC2                     _main:
    55                           	opt stack 30
    56                           
    57                           ;main.c: 72: TRISBbits.RB7 = 0;
    58                           
    59                           ;incstack = 0
    60                           ;incstack = 0
    61  007FC2  9E93               	bcf	3987,7,c	;volatile
    62  007FC4                     l13:
    63                           
    64                           ;main.c: 75: {
    65                           ;main.c: 76: PORTBbits.RB7 = 1;
    66  007FC4  8E81               	bsf	3969,7,c	;volatile
    67                           
    68                           ;main.c: 77: Delay1Second();
    69  007FC6  ECE9  F03F         	call	_Delay1Second	;wreg free
    70                           
    71                           ;main.c: 78: PORTBbits.RB7 = 0;
    72  007FCA  9E81               	bcf	3969,7,c	;volatile
    73                           
    74                           ;main.c: 79: Delay1Second();
    75  007FCC  ECE9  F03F         	call	_Delay1Second	;wreg free
    76  007FD0  D7F9               	goto	l13
    77  007FD2                     __end_of_main:
    78                           	opt stack 0
    79                           
    80                           	psect	cinit
    81  007FB8                     __pcinit:
    82                           	opt stack 0
    83  007FB8                     start_initialization:
    84                           	opt stack 0
    85  007FB8                     __initialization:
    86                           	opt stack 0
    87                           
    88                           ; Clear objects allocated to COMRAM (2 bytes)
    89  007FB8  6A08               	clrf	(__pbssCOMRAM+1)& (0+255),c
    90  007FBA  6A07               	clrf	__pbssCOMRAM& (0+255),c
    91  007FBC                     end_of_initialization:
    92                           	opt stack 0
    93  007FBC                     __end_of__initialization:
    94                           	opt stack 0
    95  007FBC  0100               	movlb	0
    96  007FBE  EFE1  F03F         	goto	_main	;jump to C main() function
    97                           
    98                           	psect	bssCOMRAM
    99  000007                     __pbssCOMRAM:
   100                           	opt stack 0
   101  000007                     _i:
   102                           	opt stack 0
   103  000007                     	ds	2
   104                           
   105                           	psect	cstackCOMRAM
   106  000001                     __pcstackCOMRAM:
   107                           	opt stack 0
   108  000001                     ??_Delay1Second:
   109                           
   110                           ; 0 bytes @ 0x0
   111  000001                     	ds	1
   112  000002                     
   113                           ; 2 bytes @ 0x1
   114  000002                     	ds	2
   115  000004                     
   116                           ; 3 bytes @ 0x3
   117  000004                     	ds	3
   118  000007                     
   119 ;; *************** function _Delay1Second *****************
   120 ;; Defined at:
   121 ;;		line 84 in file "main.c"
   122 ;; Parameters:    Size  Location     Type
   123 ;;		None
   124 ;; Auto vars:     Size  Location     Type
   125 ;;		None
   126 ;; Return value:  Size  Location     Type
   127 ;;		None               void
   128 ;; Registers used:
   129 ;;		wreg, status,2, status,0
   130 ;; Tracked objects:
   131 ;;		On entry : 0/0
   132 ;;		On exit  : 0/0
   133 ;;		Unchanged: 0/0
   134 ;; Data sizes:     COMRAM   BANK0   BANK1   BANK2   BANK3   BANK4   BANK5   BANK6   BANK7
   135 ;;      Params:         0       0       0       0       0       0       0       0       0
   136 ;;      Locals:         0       0       0       0       0       0       0       0       0
   137 ;;      Temps:          1       0       0       0       0       0       0       0       0
   138 ;;      Totals:         1       0       0       0       0       0       0       0       0
   139 ;;Total ram usage:        1 bytes
   140 ;; Hardware stack levels used:    1
   141 ;; This function calls:
   142 ;;		Nothing
   143 ;; This function is called by:
   144 ;;		_main
   145 ;; This function uses a non-reentrant model
   146 ;;
   147                           
   148                           	psect	text1
   149  007FD2                     __ptext1:
   150                           	opt stack 0
   151  007FD2                     _Delay1Second:
   152                           	opt stack 30
   153                           
   154                           ;main.c: 85: for(i=0;i<100;i++)
   155                           
   156                           ;incstack = 0
   157                           ;incstack = 0
   158  007FD2  0E00               	movlw	0
   159  007FD4  6E08               	movwf	_i+1,c
   160  007FD6  0E00               	movlw	0
   161  007FD8  6E07               	movwf	_i,c
   162  007FDA  5008               	movf	_i+1,w,c
   163  007FDC  0A80               	xorlw	128
   164  007FDE  0F80               	addlw	-128
   165  007FE0  0E64               	movlw	100
   166  007FE2  B4D8               	btfsc	status,2,c
   167  007FE4  5C07               	subwf	_i,w,c
   168  007FE6  B0D8               	btfsc	status,0,c
   169  007FE8  D00A               	goto	l21
   170                           
   171                           ;main.c: 86: _delay((unsigned long)((10)*(48000000/4000.0)));
   172  007FEA  0E9C               	movlw	156
   173  007FEC  6E01               	movwf	??_Delay1Second& (0+255),c
   174  007FEE  0ED7               	movlw	215
   175  007FF0                     u37:
   176  007FF0  2EE8               	decfsz	wreg,f,c
   177  007FF2  D7FE               	goto	u37
   178  007FF4  2E01               	decfsz	??_Delay1Second& (0+255),f,c
   179  007FF6  D7FC               	goto	u37
   180  007FF8  4A07               	infsnz	_i,f,c
   181  007FFA  2A08               	incf	_i+1,f,c
   182  007FFC  D7EE               	goto	L1
   183  007FFE                     l21:
   184  007FFE  0012               	return	
   185  008000                     __end_of_Delay1Second:
   186                           	opt stack 0
   187  0000                     wreg	equ	0xFE8
   188                           status	equ	0xFD8
   189                           wreg	equ	0xFE8
   190                           status	equ	0xFD8
   191                           
   192                           	psect	rparam
   193  0000                     wreg	equ	0xFE8
   194                           status	equ	0xFD8


Data Sizes:
    Strings     0
    Constant    0
    Data        0
    BSS         2
    Persistent  0
    Stack       0

Auto Spaces:
    Space          Size  Autos    Used
    COMRAM           95      6       8
    BANK0           160      0       0
    BANK1           256      0       0
    BANK2           256      0       0
    BANK3           256      0       0
    BANK4           256      0       0
    BANK5           256      0       0
    BANK6           256      0       0
    BANK7           256      0       0

Pointer List with Targets:

    None.

Critical Paths under _main in COMRAM

    _main->_Delay1Second

Critical Paths under _main in BANK0

    None.

Critical Paths under _main in BANK1

    None.

Critical Paths under _main in BANK2

    None.

Critical Paths under _main in BANK3

    None.

Critical Paths under _main in BANK4

    None.

Critical Paths under _main in BANK5

    None.

Critical Paths under _main in BANK6

    None.

Critical Paths under _main in BANK7

    None.

Call Graph Tables:

 ---------------------------------------------------------------------------------
 (Depth) Function   	        Calls       Base Space   Used Autos Params    Refs
 ---------------------------------------------------------------------------------
 (0) _main                                                 5     0      5       0
                                              1 COMRAM     5     0      5
                       _Delay1Second
 ---------------------------------------------------------------------------------
 (1) _Delay1Second                                         1     1      0       0
                                              0 COMRAM     1     1      0
 ---------------------------------------------------------------------------------
 Estimated maximum stack depth 1
 ---------------------------------------------------------------------------------

 Call Graph Graphs:

 _main (ROOT)
   _Delay1Second

 Address spaces:
Name               Size   Autos  Total    Cost      Usage
BIGRAM             7FF      0       0      21        0.0%
EEDATA             100      0       0       0        0.0%
BITBANK7           100      0       0      18        0.0%
BANK7              100      0       0      19        0.0%
BITBANK6           100      0       0      16        0.0%
BANK6              100      0       0      17        0.0%
BITBANK5           100      0       0      14        0.0%
BANK5              100      0       0      15        0.0%
BITBANK4           100      0       0      12        0.0%
BANK4              100      0       0      13        0.0%
BITBANK3           100      0       0      10        0.0%
BANK3              100      0       0      11        0.0%
BITBANK2           100      0       0       8        0.0%
BANK2              100      0       0       9        0.0%
BITBANK1           100      0       0       6        0.0%
BANK1              100      0       0       7        0.0%
BITBANK0            A0      0       0       4        0.0%
BANK0               A0      0       0       5        0.0%
BITCOMRAM           5F      0       0       0        0.0%
COMRAM              5F      6       8       1        8.4%
BITSFR               0      0       0      40        0.0%
SFR                  0      0       0      40        0.0%
STACK                0      0       1       2        0.0%
NULL                 0      0       0       0        0.0%
ABS                  0      0       8      20        0.0%
DATA                 0      0       9       3        0.0%
CODE                 0      0       0       0        0.0%


Microchip Technology PIC18 Macro Assembler V1.21 build 54009 
Symbol Table                                                                                   Thu May 28 07:02:12 2015

                      _i 0007              __CFG_CP1$ON 000000              __CFG_CP2$ON 000000  
            __CFG_CP3$ON 000000                       l21 7FFE                       l13 7FC4  
                     u37 7FF0              __CFG_BOR$ON 000000              __CFG_BORV$3 000000  
           __CFG_CP0$OFF 000000             __CFG_CPB$OFF 000000             __CFG_CPD$OFF 000000  
                    wreg 000FE8             __CFG_LVP$OFF 000000             __CFG_WDT$OFF 000000  
           __CFG_PWRT$ON 000000             __CFG_WRTB$ON 000000                     _main 7FC2  
                   start 0800            __CFG_IESO$OFF 000000            __CFG_MCLRE$ON 000000  
          __CFG_PLLDIV$5 000000                    ?_main 0002            __CFG_USBDIV$2 000000  
          __CFG_WRT0$OFF 000000            __CFG_WRT1$OFF 000000            __CFG_WRT2$OFF 000000  
          __CFG_WRT3$OFF 000000           __CFG_EBTR0$OFF 000000           __CFG_FCMEN$OFF 000000  
         __CFG_EBTR1$OFF 000000           __CFG_EBTR2$OFF 000000           __CFG_EBTR3$OFF 000000  
          __CFG_WRTC$OFF 000000            __CFG_WRTD$OFF 000000           __CFG_EBTRB$OFF 000000  
                  status 000FD8    __size_of_Delay1Second 002E          __initialization 7FB8  
           __end_of_main 7FD2                   ??_main 0007            __activetblptr 000000  
        __CFG_CCP2MX$OFF 000000             _Delay1Second 7FD2           __CFG_VREGEN$ON 000000  
         __CFG_XINST$OFF 000000           __CFG_STVREN$ON 000000               __accesstop 0060  
__end_of__initialization 7FBC          __CFG_PBADEN$OFF 000000           __pcstackCOMRAM 0001  
                __Hparam 0000                  __Lparam 0000                  __pcinit 7FB8  
                __ramtop 0800                  __ptext0 7FC2                  __ptext1 7FD2  
   end_of_initialization 7FBC                _PORTBbits 000F81                _TRISBbits 000F93  
    start_initialization 7FB8         __CFG_LPT1OSC$OFF 000000              __pbssCOMRAM 0007  
          ?_Delay1Second 0001         __CFG_WDTPS$32768 000000           ??_Delay1Second 0001  
               __Hrparam 0000                 __Lrparam 0000            __size_of_main 0010  
               main@argc 0002                 main@argv 0004    __CFG_CPUDIV$OSC1_PLL2 000000  
   __end_of_Delay1Second 8000       __CFG_FOSC$HSPLL_HS 000000  
